Determining if the pthread_create exist failed with the following output:
Change Dir: /home/wujinlong/About_slam/get_kinect_V2_img/build/CMakeFiles/CMakeTmp

Run Build Command:"/usr/bin/make" "cmTC_d3789/fast"
/usr/bin/make -f CMakeFiles/cmTC_d3789.dir/build.make CMakeFiles/cmTC_d3789.dir/build
make[1]: Entering directory '/home/wujinlong/About_slam/get_kinect_V2_img/build/CMakeFiles/CMakeTmp'
Building C object CMakeFiles/cmTC_d3789.dir/CheckSymbolExists.c.o
/usr/bin/cc     -o CMakeFiles/cmTC_d3789.dir/CheckSymbolExists.c.o   -c /home/wujinlong/About_slam/get_kinect_V2_img/build/CMakeFiles/CMakeTmp/CheckSymbolExists.c
Linking C executable cmTC_d3789
/usr/bin/cmake -E cmake_link_script CMakeFiles/cmTC_d3789.dir/link.txt --verbose=1
/usr/bin/cc       CMakeFiles/cmTC_d3789.dir/CheckSymbolExists.c.o  -o cmTC_d3789 -rdynamic 
CMakeFiles/cmTC_d3789.dir/CheckSymbolExists.c.o: In function `main':
CheckSymbolExists.c:(.text+0x16): undefined reference to `pthread_create'
collect2: error: ld returned 1 exit status
CMakeFiles/cmTC_d3789.dir/build.make:97: recipe for target 'cmTC_d3789' failed
make[1]: *** [cmTC_d3789] Error 1
make[1]: Leaving directory '/home/wujinlong/About_slam/get_kinect_V2_img/build/CMakeFiles/CMakeTmp'
Makefile:126: recipe for target 'cmTC_d3789/fast' failed
make: *** [cmTC_d3789/fast] Error 2

File /home/wujinlong/About_slam/get_kinect_V2_img/build/CMakeFiles/CMakeTmp/CheckSymbolExists.c:
/* */
#include <pthread.h>

int main(int argc, char** argv)
{
  (void)argv;
#ifndef pthread_create
  return ((int*)(&pthread_create))[argc];
#else
  (void)argc;
  return 0;
#endif
}

Determining if the function pthread_create exists in the pthreads failed with the following output:
Change Dir: /home/wujinlong/About_slam/get_kinect_V2_img/build/CMakeFiles/CMakeTmp

Run Build Command:"/usr/bin/make" "cmTC_ac222/fast"
/usr/bin/make -f CMakeFiles/cmTC_ac222.dir/build.make CMakeFiles/cmTC_ac222.dir/build
make[1]: Entering directory '/home/wujinlong/About_slam/get_kinect_V2_img/build/CMakeFiles/CMakeTmp'
Building C object CMakeFiles/cmTC_ac222.dir/CheckFunctionExists.c.o
/usr/bin/cc    -DCHECK_FUNCTION_EXISTS=pthread_create   -o CMakeFiles/cmTC_ac222.dir/CheckFunctionExists.c.o   -c /usr/share/cmake-3.5/Modules/CheckFunctionExists.c
Linking C executable cmTC_ac222
/usr/bin/cmake -E cmake_link_script CMakeFiles/cmTC_ac222.dir/link.txt --verbose=1
/usr/bin/cc   -DCHECK_FUNCTION_EXISTS=pthread_create    CMakeFiles/cmTC_ac222.dir/CheckFunctionExists.c.o  -o cmTC_ac222 -rdynamic -lpthreads 
/usr/bin/ld: cannot find -lpthreads
collect2: error: ld returned 1 exit status
CMakeFiles/cmTC_ac222.dir/build.make:97: recipe for target 'cmTC_ac222' failed
make[1]: *** [cmTC_ac222] Error 1
make[1]: Leaving directory '/home/wujinlong/About_slam/get_kinect_V2_img/build/CMakeFiles/CMakeTmp'
Makefile:126: recipe for target 'cmTC_ac222/fast' failed
make: *** [cmTC_ac222/fast] Error 2


